Using pre-set license
Built from '2022.3/staging' branch; Version is '2022.3.50f1 (c3db7f8bf9b1) revision 12835711'; Using compiler version '192829333'; Build Type 'Release'
OS: 'Windows 11  (10.0.26100) 64bit Core' Language: 'en' Physical Memory: 32475 MB
BatchMode: 1, IsHumanControllingUs: 0, StartBugReporterOnCrash: 0, Is64bit: 1, IsPro: 1

COMMAND LINE ARGUMENTS:
C:\Program Files\Unity\Hub\Editor\2022.3.50f1\Editor\Unity.exe
-adb2
-batchMode
-noUpm
-name
AssetImportWorker0
-projectPath
D:/unity/doa/DungeonDesign
-logFile
Logs/AssetImportWorker0.log
-srvPort
63584
Successfully changed project path to: D:/unity/doa/DungeonDesign
D:/unity/doa/DungeonDesign
[UnityMemory] Configuration Parameters - Can be set up in boot.config
    "memorysetup-bucket-allocator-granularity=16"
    "memorysetup-bucket-allocator-bucket-count=8"
    "memorysetup-bucket-allocator-block-size=33554432"
    "memorysetup-bucket-allocator-block-count=8"
    "memorysetup-main-allocator-block-size=16777216"
    "memorysetup-thread-allocator-block-size=16777216"
    "memorysetup-gfx-main-allocator-block-size=16777216"
    "memorysetup-gfx-thread-allocator-block-size=16777216"
    "memorysetup-cache-allocator-block-size=4194304"
    "memorysetup-typetree-allocator-block-size=2097152"
    "memorysetup-profiler-bucket-allocator-granularity=16"
    "memorysetup-profiler-bucket-allocator-bucket-count=8"
    "memorysetup-profiler-bucket-allocator-block-size=33554432"
    "memorysetup-profiler-bucket-allocator-block-count=8"
    "memorysetup-profiler-allocator-block-size=16777216"
    "memorysetup-profiler-editor-allocator-block-size=1048576"
    "memorysetup-temp-allocator-size-main=16777216"
    "memorysetup-job-temp-allocator-block-size=2097152"
    "memorysetup-job-temp-allocator-block-size-background=1048576"
    "memorysetup-job-temp-allocator-reduction-small-platforms=262144"
    "memorysetup-allocator-temp-initial-block-size-main=262144"
    "memorysetup-allocator-temp-initial-block-size-worker=262144"
    "memorysetup-temp-allocator-size-background-worker=32768"
    "memorysetup-temp-allocator-size-job-worker=262144"
    "memorysetup-temp-allocator-size-preload-manager=33554432"
    "memorysetup-temp-allocator-size-nav-mesh-worker=65536"
    "memorysetup-temp-allocator-size-audio-worker=65536"
    "memorysetup-temp-allocator-size-cloud-worker=32768"
    "memorysetup-temp-allocator-size-gi-baking-worker=262144"
    "memorysetup-temp-allocator-size-gfx=262144"
Player connection [8292]  Target information:

Player connection [8292]  * "[IP] 192.168.41.155 [Port] 0 [Flags] 2 [Guid] 3516202037 [EditorId] 3516202037 [Version] 1048832 [Id] WindowsEditor(7,koixos) [Debug] 1 [PackageName] WindowsEditor [ProjectName] Editor" 

Player connection [8292] Host joined multi-casting on [225.0.0.222:54997]...
Player connection [8292] Host joined alternative multi-casting on [225.0.0.222:34997]...
[PhysX] Initialized MultithreadedTaskDispatcher with 32 workers.
Refreshing native plugins compatible for Editor in 3.22 ms, found 3 plugins.
Preloading 0 native plugins for Editor in 0.00 ms.
Initialize engine version: 2022.3.50f1 (c3db7f8bf9b1)
[Subsystems] Discovering subsystems at path C:/Program Files/Unity/Hub/Editor/2022.3.50f1/Editor/Data/Resources/UnitySubsystems
[Subsystems] Discovering subsystems at path D:/unity/doa/DungeonDesign/Assets
GfxDevice: creating device client; threaded=0; jobified=0
Direct3D:
    Version:  Direct3D 11.0 [level 11.1]
    Renderer: NVIDIA GeForce RTX 4060 Laptop GPU (ID=0x28e0)
    Vendor:   NVIDIA
    VRAM:     7957 MB
    Driver:   32.0.15.6094
Initialize mono
Mono path[0] = 'C:/Program Files/Unity/Hub/Editor/2022.3.50f1/Editor/Data/Managed'
Mono path[1] = 'C:/Program Files/Unity/Hub/Editor/2022.3.50f1/Editor/Data/MonoBleedingEdge/lib/mono/unityjit-win32'
Mono config path = 'C:/Program Files/Unity/Hub/Editor/2022.3.50f1/Editor/Data/MonoBleedingEdge/etc'
Using monoOptions --debugger-agent=transport=dt_socket,embedding=1,server=y,suspend=n,address=127.0.0.1:56644
Begin MonoManager ReloadAssembly
Registering precompiled unity dll's ...
Register platform support module: C:/Program Files/Unity/Hub/Editor/2022.3.50f1/Editor/Data/PlaybackEngines/WindowsStandaloneSupport/UnityEditor.WindowsStandalone.Extensions.dll
Registered in 0.002850 seconds.
- Loaded All Assemblies, in  0.202 seconds
Native extension for WindowsStandalone target not found
Mono: successfully reloaded assembly
- Finished resetting the current domain, in  0.154 seconds
Domain Reload Profiling: 355ms
	BeginReloadAssembly (64ms)
		ExecutionOrderSort (0ms)
		DisableScriptedObjects (0ms)
		BackupInstance (0ms)
		ReleaseScriptingObjects (0ms)
		CreateAndSetChildDomain (0ms)
	RebuildCommonClasses (20ms)
	RebuildNativeTypeToScriptingClass (5ms)
	initialDomainReloadingComplete (32ms)
	LoadAllAssembliesAndSetupDomain (80ms)
		LoadAssemblies (62ms)
		RebuildTransferFunctionScriptingTraits (0ms)
		AnalyzeDomain (79ms)
			TypeCache.Refresh (78ms)
				TypeCache.ScanAssembly (69ms)
			ScanForSourceGeneratedMonoScriptInfo (0ms)
			ResolveRequiredComponents (0ms)
	FinalizeReload (154ms)
		ReleaseScriptCaches (0ms)
		RebuildScriptCaches (0ms)
		SetupLoadedEditorAssemblies (125ms)
			LogAssemblyErrors (0ms)
			InitializePlatformSupportModulesInManaged (6ms)
			SetLoadedEditorAssemblies (5ms)
			RefreshPlugins (0ms)
			BeforeProcessingInitializeOnLoad (1ms)
			ProcessInitializeOnLoadAttributes (86ms)
			ProcessInitializeOnLoadMethodAttributes (27ms)
			AfterProcessingInitializeOnLoad (0ms)
			EditorAssembliesLoaded (0ms)
		ExecutionOrderSort2 (0ms)
		AwakeInstancesAfterBackupRestoration (0ms)
========================================================================
Worker process is ready to serve import requests
Caller must complete domain reload
Begin MonoManager ReloadAssembly
- Loaded All Assemblies, in  0.357 seconds
Native extension for WindowsStandalone target not found
Mono: successfully reloaded assembly
- Finished resetting the current domain, in  0.355 seconds
Domain Reload Profiling: 712ms
	BeginReloadAssembly (87ms)
		ExecutionOrderSort (0ms)
		DisableScriptedObjects (3ms)
		BackupInstance (0ms)
		ReleaseScriptingObjects (0ms)
		CreateAndSetChildDomain (12ms)
	RebuildCommonClasses (20ms)
	RebuildNativeTypeToScriptingClass (6ms)
	initialDomainReloadingComplete (23ms)
	LoadAllAssembliesAndSetupDomain (221ms)
		LoadAssemblies (167ms)
		RebuildTransferFunctionScriptingTraits (0ms)
		AnalyzeDomain (107ms)
			TypeCache.Refresh (92ms)
				TypeCache.ScanAssembly (82ms)
			ScanForSourceGeneratedMonoScriptInfo (9ms)
			ResolveRequiredComponents (4ms)
	FinalizeReload (356ms)
		ReleaseScriptCaches (0ms)
		RebuildScriptCaches (0ms)
		SetupLoadedEditorAssemblies (266ms)
			LogAssemblyErrors (0ms)
			InitializePlatformSupportModulesInManaged (4ms)
			SetLoadedEditorAssemblies (3ms)
			RefreshPlugins (0ms)
			BeforeProcessingInitializeOnLoad (39ms)
			ProcessInitializeOnLoadAttributes (203ms)
			ProcessInitializeOnLoadMethodAttributes (14ms)
			AfterProcessingInitializeOnLoad (4ms)
			EditorAssembliesLoaded (0ms)
		ExecutionOrderSort2 (0ms)
		AwakeInstancesAfterBackupRestoration (5ms)
Launched and connected shader compiler UnityShaderCompiler.exe after 0.03 seconds
Refreshing native plugins compatible for Editor in 1.04 ms, found 3 plugins.
Preloading 0 native plugins for Editor in 0.00 ms.
Unloading 3151 Unused Serialized files (Serialized files now loaded: 0)
Unloading 19 unused Assets / (55.0 KB). Loaded Objects now: 3619.
Memory consumption went from 124.7 MB to 124.7 MB.
Total: 3.155000 ms (FindLiveObjects: 0.161600 ms CreateObjectMapping: 0.056400 ms MarkObjects: 2.843300 ms  DeleteObjects: 0.092300 ms)

AssetImportParameters requested are different than current active one (requested -> active):
  custom:container-demuxer-ogg: 62fdf1f143b41e24485cea50d1cbac27 -> 
  custom:video-codec-MediaFoundation-h265: 746d11721c4dcdbdad8f713fa42b33f4 -> 
  custom:video-decoder-ogg-theora: a1e56fd34408186e4bbccfd4996cb3dc -> 
  custom:framework-win-MediaFoundation: 216162199b28c13a410421893ffa2e32 -> 
  custom:CustomObjectIndexerAttribute: 9a22284fe3817be447336de3de66b15e -> 
  custom:container-demuxer-webm: 4f35f7cbe854078d1ac9338744f61a02 -> 
  custom:container-muxer-webm: aa71ff27fc2769a1b78a27578f13a17b -> 
  custom:video-decoder-webm-vp8: 9c59270c3fd7afecdb556c50c9e8de78 -> 
  custom:SearchIndexIgnoredProperties: e643bd26f0fe6173181afceb89e7c659 -> 
  custom:AudioImporter_EditorPlatform: d09bf68614088b80899f8185d706f6e7 -> 
  custom:video-encoder-webm-vp8: eb34c28f22e8b96e1ab97ce403110664 -> 
  custom:audio-decoder-ogg-vorbis: bf7c407c2cedff20999df2af8eb42d56 -> 
  custom:audio-encoder-webm-vorbis: bf7c407c2cedff20999df2af8eb42d56 -> 
========================================================================
Received Import Request.
  Time since last request: 694715.057761 seconds.
  path: Assets/Prefabs/Magician_RIO.prefab
  artifactKey: Guid(916f55dd6863b6a4aab6eead5340834b) Importer(815301076,1909f56bfc062723c751e8b465ee728b)
Start importing Assets/Prefabs/Magician_RIO.prefab using Guid(916f55dd6863b6a4aab6eead5340834b) Importer(815301076,1909f56bfc062723c751e8b465ee728b) [PhysX] Initialized MultithreadedTaskDispatcher with 32 workers.
 -> (artifact id: 'aba23d6e39ffb67793361d6a4c1ada18') in 0.024830 seconds
Number of updated asset objects reloaded before import = 0
Number of asset objects unloaded after import = 6
========================================================================
Received Import Request.
  Time since last request: 15.953456 seconds.
  path: Assets/Prefabs/Magician_RIO.prefab
  artifactKey: Guid(916f55dd6863b6a4aab6eead5340834b) Importer(815301076,1909f56bfc062723c751e8b465ee728b)
Start importing Assets/Prefabs/Magician_RIO.prefab using Guid(916f55dd6863b6a4aab6eead5340834b) Importer(815301076,1909f56bfc062723c751e8b465ee728b) [PhysX] Initialized MultithreadedTaskDispatcher with 32 workers.
[PhysX] Initialized MultithreadedTaskDispatcher with 32 workers.
 -> (artifact id: 'a1e20d54146d818ddd98d2abab7c7d1b') in 0.070173 seconds
Number of updated asset objects reloaded before import = 0
Number of asset objects unloaded after import = 277
========================================================================
Received Import Request.
  Time since last request: 11.466078 seconds.
  path: Assets/Prefabs/Magician_RIO
  artifactKey: Guid(db1b678879badc14e92dcfec1236f473) Importer(815301076,1909f56bfc062723c751e8b465ee728b)
Start importing Assets/Prefabs/Magician_RIO using Guid(db1b678879badc14e92dcfec1236f473) Importer(815301076,1909f56bfc062723c751e8b465ee728b) [PhysX] Initialized MultithreadedTaskDispatcher with 32 workers.
 -> (artifact id: 'c74a27bf715fc551ec7fbf08c3ab3a2b') in 0.000705 seconds
Number of updated asset objects reloaded before import = 0
Number of asset objects unloaded after import = 0
========================================================================
Received Import Request.
  Time since last request: 5.462368 seconds.
  path: Assets/Prefabs/Magician_RIO/Mesh
  artifactKey: Guid(f2ac6a73a02b75c4ea67601260ddcd52) Importer(815301076,1909f56bfc062723c751e8b465ee728b)
Start importing Assets/Prefabs/Magician_RIO/Mesh using Guid(f2ac6a73a02b75c4ea67601260ddcd52) Importer(815301076,1909f56bfc062723c751e8b465ee728b) [PhysX] Initialized MultithreadedTaskDispatcher with 32 workers.
 -> (artifact id: '92d6c5d942bb34ad630580a650fc5bcc') in 0.000510 seconds
Number of updated asset objects reloaded before import = 0
Number of asset objects unloaded after import = 0
========================================================================
Received Import Request.
  Time since last request: 0.578842 seconds.
  path: Assets/Prefabs/Magician_RIO/Prefab
  artifactKey: Guid(d8e0cf25a78c15345a159588e71e5317) Importer(815301076,1909f56bfc062723c751e8b465ee728b)
Start importing Assets/Prefabs/Magician_RIO/Prefab using Guid(d8e0cf25a78c15345a159588e71e5317) Importer(815301076,1909f56bfc062723c751e8b465ee728b) [PhysX] Initialized MultithreadedTaskDispatcher with 32 workers.
 -> (artifact id: 'aee981c973ef209198e4e395ee4a480d') in 0.000628 seconds
Number of updated asset objects reloaded before import = 0
Number of asset objects unloaded after import = 0
========================================================================
Received Import Request.
  Time since last request: 0.056487 seconds.
  path: Assets/Prefabs/Magician_RIO/Prefab/Magician_RIO.prefab
  artifactKey: Guid(6c4fde65b1859e74eb53082d2c81f1b6) Importer(815301076,1909f56bfc062723c751e8b465ee728b)
Start importing Assets/Prefabs/Magician_RIO/Prefab/Magician_RIO.prefab using Guid(6c4fde65b1859e74eb53082d2c81f1b6) Importer(815301076,1909f56bfc062723c751e8b465ee728b) [PhysX] Initialized MultithreadedTaskDispatcher with 32 workers.
[PhysX] Initialized MultithreadedTaskDispatcher with 32 workers.
 -> (artifact id: 'bcde26e75858732686862fc86a84cd22') in 0.037792 seconds
Number of updated asset objects reloaded before import = 0
Number of asset objects unloaded after import = 276
========================================================================
Received Import Request.
  Time since last request: 77.129132 seconds.
  path: Assets/Prefabs/Magician_RIO/Material
  artifactKey: Guid(a92e27bd0e9045b4ea080c48b8417940) Importer(815301076,1909f56bfc062723c751e8b465ee728b)
Start importing Assets/Prefabs/Magician_RIO/Material using Guid(a92e27bd0e9045b4ea080c48b8417940) Importer(815301076,1909f56bfc062723c751e8b465ee728b) [PhysX] Initialized MultithreadedTaskDispatcher with 32 workers.
 -> (artifact id: 'bc478211ce0a7a5d808b61a72d49cc02') in 0.000891 seconds
Number of updated asset objects reloaded before import = 0
Number of asset objects unloaded after import = 0
========================================================================
Received Import Request.
  Time since last request: 37.042578 seconds.
  path: Assets/Magician_RIO
  artifactKey: Guid(cb8aff7cd47d00c40a82d4b67ac5ca8f) Importer(815301076,1909f56bfc062723c751e8b465ee728b)
Start importing Assets/Magician_RIO using Guid(cb8aff7cd47d00c40a82d4b67ac5ca8f) Importer(815301076,1909f56bfc062723c751e8b465ee728b) [PhysX] Initialized MultithreadedTaskDispatcher with 32 workers.
 -> (artifact id: 'de5651c9d6aace8ed398dfef2a347f56') in 0.000521 seconds
Number of updated asset objects reloaded before import = 0
Number of asset objects unloaded after import = 0
========================================================================
Received Import Request.
  Time since last request: 2.372903 seconds.
  path: Assets/Magician_RIO/Prefab
  artifactKey: Guid(d8e0cf25a78c15345a159588e71e5317) Importer(815301076,1909f56bfc062723c751e8b465ee728b)
Start importing Assets/Magician_RIO/Prefab using Guid(d8e0cf25a78c15345a159588e71e5317) Importer(815301076,1909f56bfc062723c751e8b465ee728b) [PhysX] Initialized MultithreadedTaskDispatcher with 32 workers.
 -> (artifact id: '4f8870ee6884358d1eaa01efefc25595') in 0.000585 seconds
Number of updated asset objects reloaded before import = 0
Number of asset objects unloaded after import = 0
========================================================================
Received Import Request.
  Time since last request: 0.057441 seconds.
  path: Assets/Magician_RIO/Prefab/Magician_RIO.prefab
  artifactKey: Guid(6a3c3c37133b6ae4d9590995c8166d88) Importer(815301076,1909f56bfc062723c751e8b465ee728b)
Start importing Assets/Magician_RIO/Prefab/Magician_RIO.prefab using Guid(6a3c3c37133b6ae4d9590995c8166d88) Importer(815301076,1909f56bfc062723c751e8b465ee728b) [PhysX] Initialized MultithreadedTaskDispatcher with 32 workers.
[PhysX] Initialized MultithreadedTaskDispatcher with 32 workers.
 -> (artifact id: '3ad050b9e224bcb5808cb3e91cb05064') in 0.026495 seconds
Number of updated asset objects reloaded before import = 0
Number of asset objects unloaded after import = 278
========================================================================
Received Import Request.
  Time since last request: 54.552995 seconds.
  path: Assets/Magician_RIO/Mesh/Magician_RIO_Unity.fbx
  artifactKey: Guid(35c44a97c30e4e946a0f4d3310613b95) Importer(815301076,1909f56bfc062723c751e8b465ee728b)
Start importing Assets/Magician_RIO/Mesh/Magician_RIO_Unity.fbx using Guid(35c44a97c30e4e946a0f4d3310613b95) Importer(815301076,1909f56bfc062723c751e8b465ee728b) [PhysX] Initialized MultithreadedTaskDispatcher with 32 workers.
[PhysX] Initialized MultithreadedTaskDispatcher with 32 workers.
[PhysX] Initialized MultithreadedTaskDispatcher with 32 workers.
[PhysX] Initialized MultithreadedTaskDispatcher with 32 workers.
[PhysX] Initialized MultithreadedTaskDispatcher with 32 workers.
[PhysX] Initialized MultithreadedTaskDispatcher with 32 workers.
 -> (artifact id: '1cec1600d1ce13a6633eb5f37637cead') in 0.060048 seconds
Number of updated asset objects reloaded before import = 0
Number of asset objects unloaded after import = 140
========================================================================
Received Import Request.
  Time since last request: 53.631266 seconds.
  path: Assets/Magician_RIO/Mesh/Magician_RIO_Unity.fbx
  artifactKey: Guid(35c44a97c30e4e946a0f4d3310613b95) Importer(815301076,1909f56bfc062723c751e8b465ee728b)
Start importing Assets/Magician_RIO/Mesh/Magician_RIO_Unity.fbx using Guid(35c44a97c30e4e946a0f4d3310613b95) Importer(815301076,1909f56bfc062723c751e8b465ee728b) [PhysX] Initialized MultithreadedTaskDispatcher with 32 workers.
[PhysX] Initialized MultithreadedTaskDispatcher with 32 workers.
[PhysX] Initialized MultithreadedTaskDispatcher with 32 workers.
[PhysX] Initialized MultithreadedTaskDispatcher with 32 workers.
[PhysX] Initialized MultithreadedTaskDispatcher with 32 workers.
[PhysX] Initialized MultithreadedTaskDispatcher with 32 workers.
 -> (artifact id: 'd1c13766daefea9c9f6298b7eb053df1') in 0.044631 seconds
Number of updated asset objects reloaded before import = 0
Number of asset objects unloaded after import = 140
========================================================================
Received Import Request.
  Time since last request: 29.084711 seconds.
  path: Assets/Magician_RIO/Prefab/Magician_RIO.prefab
  artifactKey: Guid(6a3c3c37133b6ae4d9590995c8166d88) Importer(815301076,1909f56bfc062723c751e8b465ee728b)
Start importing Assets/Magician_RIO/Prefab/Magician_RIO.prefab using Guid(6a3c3c37133b6ae4d9590995c8166d88) Importer(815301076,1909f56bfc062723c751e8b465ee728b) [PhysX] Initialized MultithreadedTaskDispatcher with 32 workers.
[PhysX] Initialized MultithreadedTaskDispatcher with 32 workers.
 -> (artifact id: '591e5d7816a8802ce716f889d2e685d2') in 0.025192 seconds
Number of updated asset objects reloaded before import = 0
Number of asset objects unloaded after import = 278
========================================================================
Received Import Request.
  Time since last request: 1.979250 seconds.
  path: Assets/Magician_RIO/Material
  artifactKey: Guid(a92e27bd0e9045b4ea080c48b8417940) Importer(815301076,1909f56bfc062723c751e8b465ee728b)
Start importing Assets/Magician_RIO/Material using Guid(a92e27bd0e9045b4ea080c48b8417940) Importer(815301076,1909f56bfc062723c751e8b465ee728b) [PhysX] Initialized MultithreadedTaskDispatcher with 32 workers.
 -> (artifact id: 'd570898733d37e5cee649739be12ec0b') in 0.000729 seconds
Number of updated asset objects reloaded before import = 0
Number of asset objects unloaded after import = 0
========================================================================
Received Import Request.
  Time since last request: 0.057179 seconds.
  path: Assets/Magician_RIO/Material/Mat_Magician_RIO.mat
  artifactKey: Guid(b2eacfecc4de52a45b2bbd8331b758ae) Importer(815301076,1909f56bfc062723c751e8b465ee728b)
Start importing Assets/Magician_RIO/Material/Mat_Magician_RIO.mat using Guid(b2eacfecc4de52a45b2bbd8331b758ae) Importer(815301076,1909f56bfc062723c751e8b465ee728b) [PhysX] Initialized MultithreadedTaskDispatcher with 32 workers.
[PhysX] Initialized MultithreadedTaskDispatcher with 32 workers.
 -> (artifact id: 'd62432874a3ce49fcac0a42490536274') in 0.032680 seconds
Number of updated asset objects reloaded before import = 0
Number of asset objects unloaded after import = 4
========================================================================
Received Import Request.
  Time since last request: 3.534041 seconds.
  path: Assets/Magician_RIO/Texture
  artifactKey: Guid(6044baaaa36b78e4c9d5bf53e5a1240c) Importer(815301076,1909f56bfc062723c751e8b465ee728b)
Start importing Assets/Magician_RIO/Texture using Guid(6044baaaa36b78e4c9d5bf53e5a1240c) Importer(815301076,1909f56bfc062723c751e8b465ee728b) [PhysX] Initialized MultithreadedTaskDispatcher with 32 workers.
 -> (artifact id: 'eb40ed39ed71800bf9dae7ada9f14510') in 0.000822 seconds
Number of updated asset objects reloaded before import = 0
Number of asset objects unloaded after import = 0
========================================================================
Received Import Request.
  Time since last request: 0.056421 seconds.
  path: Assets/Magician_RIO/Texture/Cloak_Cloak_AlbedoTransparency.png
  artifactKey: Guid(7a99a1f00df2f5649b819098d6400ff2) Importer(815301076,1909f56bfc062723c751e8b465ee728b)
Start importing Assets/Magician_RIO/Texture/Cloak_Cloak_AlbedoTransparency.png using Guid(7a99a1f00df2f5649b819098d6400ff2) Importer(815301076,1909f56bfc062723c751e8b465ee728b) [PhysX] Initialized MultithreadedTaskDispatcher with 32 workers.
[PhysX] Initialized MultithreadedTaskDispatcher with 32 workers.
 -> (artifact id: 'd92f59c03836ed0f11a65667e006edfe') in 0.035633 seconds
Number of updated asset objects reloaded before import = 0
Number of asset objects unloaded after import = 2
========================================================================
Received Import Request.
  Time since last request: 0.105528 seconds.
  path: Assets/Magician_RIO/Texture/Magician_RIO_Mat_Magician_RIO_SpecularSmoothness.png
  artifactKey: Guid(b7ca10855b75b9b44855392d1d43e466) Importer(815301076,1909f56bfc062723c751e8b465ee728b)
Start importing Assets/Magician_RIO/Texture/Magician_RIO_Mat_Magician_RIO_SpecularSmoothness.png using Guid(b7ca10855b75b9b44855392d1d43e466) Importer(815301076,1909f56bfc062723c751e8b465ee728b) [PhysX] Initialized MultithreadedTaskDispatcher with 32 workers.
[PhysX] Initialized MultithreadedTaskDispatcher with 32 workers.
 -> (artifact id: 'c8aa24c692a2053c4a645babff501930') in 0.024745 seconds
Number of updated asset objects reloaded before import = 0
Number of asset objects unloaded after import = 2
========================================================================
Received Import Request.
  Time since last request: 0.000430 seconds.
  path: Assets/Magician_RIO/Texture/Magician_RIO_Mat_Magician_RIO_Normal.png
  artifactKey: Guid(ee5914ec094d2d94593944ba47a00953) Importer(815301076,1909f56bfc062723c751e8b465ee728b)
Start importing Assets/Magician_RIO/Texture/Magician_RIO_Mat_Magician_RIO_Normal.png using Guid(ee5914ec094d2d94593944ba47a00953) Importer(815301076,1909f56bfc062723c751e8b465ee728b) [PhysX] Initialized MultithreadedTaskDispatcher with 32 workers.
[PhysX] Initialized MultithreadedTaskDispatcher with 32 workers.
 -> (artifact id: '2846877919f6000265044716395362c3') in 0.035627 seconds
Number of updated asset objects reloaded before import = 0
Number of asset objects unloaded after import = 2
========================================================================
Received Import Request.
  Time since last request: 93.217005 seconds.
  path: Assets/Magician_RIO/Texture/Materials/Cloak_Cloak_SpecularSmoothness.mat
  artifactKey: Guid(0c2379286dbfd814a80691cd6cab8e3b) Importer(815301076,1909f56bfc062723c751e8b465ee728b)
Start importing Assets/Magician_RIO/Texture/Materials/Cloak_Cloak_SpecularSmoothness.mat using Guid(0c2379286dbfd814a80691cd6cab8e3b) Importer(815301076,1909f56bfc062723c751e8b465ee728b) [PhysX] Initialized MultithreadedTaskDispatcher with 32 workers.
[PhysX] Initialized MultithreadedTaskDispatcher with 32 workers.
 -> (artifact id: '06205ac89d45962413e3bff0d2fe2d2a') in 0.022376 seconds
Number of updated asset objects reloaded before import = 0
Number of asset objects unloaded after import = 2
========================================================================
Received Import Request.
  Time since last request: 0.105121 seconds.
  path: Assets/Magician_RIO/Texture/Materials/Magician_RIO_Mat_Magician_RIO_AlbedoTransparency.mat
  artifactKey: Guid(3836c8140b74928499b114b93454c413) Importer(815301076,1909f56bfc062723c751e8b465ee728b)
Start importing Assets/Magician_RIO/Texture/Materials/Magician_RIO_Mat_Magician_RIO_AlbedoTransparency.mat using Guid(3836c8140b74928499b114b93454c413) Importer(815301076,1909f56bfc062723c751e8b465ee728b) [PhysX] Initialized MultithreadedTaskDispatcher with 32 workers.
[PhysX] Initialized MultithreadedTaskDispatcher with 32 workers.
 -> (artifact id: 'e7e801a5ad6e91f9955304744edfcaf2') in 0.022921 seconds
Number of updated asset objects reloaded before import = 0
Number of asset objects unloaded after import = 2
========================================================================
Received Import Request.
  Time since last request: 0.000066 seconds.
  path: Assets/Magician_RIO/Texture/Materials/Magician_RIO_Mat_Magician_RIO_Normal.mat
  artifactKey: Guid(fe7332a40e8b6d54baf27b02b6a8de3f) Importer(815301076,1909f56bfc062723c751e8b465ee728b)
Start importing Assets/Magician_RIO/Texture/Materials/Magician_RIO_Mat_Magician_RIO_Normal.mat using Guid(fe7332a40e8b6d54baf27b02b6a8de3f) Importer(815301076,1909f56bfc062723c751e8b465ee728b) [PhysX] Initialized MultithreadedTaskDispatcher with 32 workers.
[PhysX] Initialized MultithreadedTaskDispatcher with 32 workers.
 -> (artifact id: '914817c800df3b027c00e24c72c81913') in 0.021557 seconds
Number of updated asset objects reloaded before import = 0
Number of asset objects unloaded after import = 2
Editor requested this worker to shutdown with reason: Scaling down because of idle timeout
TcpMessagingSession - receive error: operation aborted. errorcode: 995, details: The I/O operation has been aborted because of either a thread exit or an application request.
AssetImportWorker is now disconnected from the server
Process exiting
Exiting without the bug reporter. Application will terminate with return code 0